Using pre-set license
Built from '2020.3/staging' branch; Version is '2020.3.13f1 (71691879b7f5) revision 7432472'; Using compiler version '192528614'; Build Type 'Release'
OS: 'Windows 10 Home; OS build 19043.1237; Version 2009; 64bit' Language: 'en' Physical Memory: 16234 MB
BatchMode: 1, IsHumanControllingUs: 0, StartBugReporterOnCrash: 0, Is64bit: 1, IsPro: 0

 COMMAND LINE ARGUMENTS:
C:\Program Files\Unity\Hub\Editor\2020.3.13f1\Editor\Unity.exe
-adb2
-batchMode
-noUpm
-name
AssetImportWorker0
-projectPath
C:/Users/aidan/Desktop/C292 Assignments/3D-Tutorial/3D Tutorial
-logFile
Logs/AssetImportWorker0.log
-srvPort
50872
Successfully changed project path to: C:/Users/aidan/Desktop/C292 Assignments/3D-Tutorial/3D Tutorial
C:/Users/aidan/Desktop/C292 Assignments/3D-Tutorial/3D Tutorial
Using Asset Import Pipeline V2.
Refreshing native plugins compatible for Editor in 36.13 ms, found 2 plugins.
Preloading 0 native plugins for Editor in 0.00 ms.
Initialize engine version: 2020.3.13f1 (71691879b7f5)
[Subsystems] Discovering subsystems at path C:/Program Files/Unity/Hub/Editor/2020.3.13f1/Editor/Data/Resources/UnitySubsystems
[Subsystems] Discovering subsystems at path C:/Users/aidan/Desktop/C292 Assignments/3D-Tutorial/3D Tutorial/Assets
GfxDevice: creating device client; threaded=0
Direct3D:
    Version:  Direct3D 11.0 [level 11.1]
    Renderer: NVIDIA GeForce GTX 1060 (ID=0x1c20)
    Vendor:   
    VRAM:     6052 MB
    Driver:   27.21.14.5167
Initialize mono
Mono path[0] = 'C:/Program Files/Unity/Hub/Editor/2020.3.13f1/Editor/Data/Managed'
Mono path[1] = 'C:/Program Files/Unity/Hub/Editor/2020.3.13f1/Editor/Data/MonoBleedingEdge/lib/mono/unityjit'
Mono config path = 'C:/Program Files/Unity/Hub/Editor/2020.3.13f1/Editor/Data/MonoBleedingEdge/etc'
Using monoOptions --debugger-agent=transport=dt_socket,embedding=1,server=y,suspend=n,address=127.0.0.1:56428
Begin MonoManager ReloadAssembly
Registering precompiled unity dll's ...
Register platform support module: C:/Program Files/Unity/Hub/Editor/2020.3.13f1/Editor/Data/PlaybackEngines/WindowsStandaloneSupport/UnityEditor.WindowsStandalone.Extensions.dll
Registered in 0.002792 seconds.
Native extension for WindowsStandalone target not found
Refreshing native plugins compatible for Editor in 29.26 ms, found 2 plugins.
Preloading 0 native plugins for Editor in 0.00 ms.
Mono: successfully reloaded assembly
- Completed reload, in  1.209 seconds
Platform modules already initialized, skipping
Registering precompiled user dll's ...
Registered in 0.005588 seconds.
Begin MonoManager ReloadAssembly
Native extension for WindowsStandalone target not found
Refreshing native plugins compatible for Editor in 0.39 ms, found 2 plugins.
Preloading 0 native plugins for Editor in 0.00 ms.
Mono: successfully reloaded assembly
- Completed reload, in  1.009 seconds
Platform modules already initialized, skipping
========================================================================
Worker process is ready to serve import requests
Launched and connected shader compiler UnityShaderCompiler.exe after 0.05 seconds
Refreshing native plugins compatible for Editor in 0.36 ms, found 2 plugins.
Preloading 0 native plugins for Editor in 0.00 ms.
Unloading 1415 Unused Serialized files (Serialized files now loaded: 0)
System memory in use before: 68.5 MB.
System memory in use after: 68.5 MB.

Unloading 19 unused Assets to reduce memory usage. Loaded Objects now: 1849.
Total: 2.343500 ms (FindLiveObjects: 0.155300 ms CreateObjectMapping: 0.051800 ms MarkObjects: 2.044900 ms  DeleteObjects: 0.090300 ms)

AssetImportParameters requested are different than current active one (requested -> active):
  custom:framework-win-MediaFoundation: 216162199b28c13a410421893ffa2e32 -> 
  custom:video-decoder-ogg-theora: a1e56fd34408186e4bbccfd4996cb3dc -> 
  custom:container-muxer-webm: aa71ff27fc2769a1b78a27578f13a17b -> 
  custom:container-demuxer-webm: 4f35f7cbe854078d1ac9338744f61a02 -> 
  custom:container-demuxer-ogg: 62fdf1f143b41e24485cea50d1cbac27 -> 
  custom:video-encoder-webm-vp8: eb34c28f22e8b96e1ab97ce403110664 -> 
  custom:video-codec-MediaFoundation-h265: 746d11721c4dcdbdad8f713fa42b33f4 -> 
  custom:video-decoder-webm-vp8: 9c59270c3fd7afecdb556c50c9e8de78 -> 
  custom:audio-decoder-ogg-vorbis: bf7c407c2cedff20999df2af8eb42d56 -> 
  custom:audio-encoder-webm-vorbis: bf7c407c2cedff20999df2af8eb42d56 -> 
========================================================================
Received Prepare
Refreshing native plugins compatible for Editor in 3.52 ms, found 2 plugins.
Preloading 0 native plugins for Editor in 0.00 ms.
Unloading 12 Unused Serialized files (Serialized files now loaded: 0)
System memory in use before: 39.5 MB.
System memory in use after: 39.6 MB.

Unloading 12 unused Assets to reduce memory usage. Loaded Objects now: 1849.
Total: 2.231100 ms (FindLiveObjects: 0.153000 ms CreateObjectMapping: 0.043400 ms MarkObjects: 1.984800 ms  DeleteObjects: 0.049100 ms)

AssetImportParameters requested are different than current active one (requested -> active):
  custom:framework-win-MediaFoundation: 216162199b28c13a410421893ffa2e32 -> 
  custom:video-decoder-ogg-theora: a1e56fd34408186e4bbccfd4996cb3dc -> 
  custom:container-muxer-webm: aa71ff27fc2769a1b78a27578f13a17b -> 
  custom:container-demuxer-webm: 4f35f7cbe854078d1ac9338744f61a02 -> 
  custom:container-demuxer-ogg: 62fdf1f143b41e24485cea50d1cbac27 -> 
  custom:video-encoder-webm-vp8: eb34c28f22e8b96e1ab97ce403110664 -> 
  custom:video-codec-MediaFoundation-h265: 746d11721c4dcdbdad8f713fa42b33f4 -> 
  custom:video-decoder-webm-vp8: 9c59270c3fd7afecdb556c50c9e8de78 -> 
  custom:audio-decoder-ogg-vorbis: bf7c407c2cedff20999df2af8eb42d56 -> 
  custom:audio-encoder-webm-vorbis: bf7c407c2cedff20999df2af8eb42d56 -> 
========================================================================
Received Import Request.
  path: Assets/ExitButton.cs
  artifactKey: Guid(109992b3d97b30944bf7ba987fbb32e9) Importer(815301076,1909f56bfc062723c751e8b465ee728b)
Start importing Assets/ExitButton.cs using Guid(109992b3d97b30944bf7ba987fbb32e9) Importer(815301076,1909f56bfc062723c751e8b465ee728b)  -> (artifact id: '4b5f46fb05f9194ba485133a43a0b379') in 0.053584 seconds 
  Import took 0.056648 seconds .

========================================================================
Received Prepare
Registering precompiled user dll's ...
Registered in 0.005682 seconds.
Begin MonoManager ReloadAssembly
Native extension for WindowsStandalone target not found
Refreshing native plugins compatible for Editor in 0.43 ms, found 2 plugins.
Preloading 0 native plugins for Editor in 0.00 ms.
Mono: successfully reloaded assembly
- Completed reload, in  1.075 seconds
Platform modules already initialized, skipping
Refreshing native plugins compatible for Editor in 0.37 ms, found 2 plugins.
Preloading 0 native plugins for Editor in 0.00 ms.
Unloading 1397 Unused Serialized files (Serialized files now loaded: 0)
System memory in use before: 67.1 MB.
System memory in use after: 67.2 MB.

Unloading 14 unused Assets to reduce memory usage. Loaded Objects now: 1852.
Total: 1.934300 ms (FindLiveObjects: 0.143600 ms CreateObjectMapping: 0.041200 ms MarkObjects: 1.698100 ms  DeleteObjects: 0.050100 ms)

AssetImportParameters requested are different than current active one (requested -> active):
  custom:framework-win-MediaFoundation: 216162199b28c13a410421893ffa2e32 -> 
  custom:video-decoder-ogg-theora: a1e56fd34408186e4bbccfd4996cb3dc -> 
  custom:container-muxer-webm: aa71ff27fc2769a1b78a27578f13a17b -> 
  custom:container-demuxer-webm: 4f35f7cbe854078d1ac9338744f61a02 -> 
  custom:container-demuxer-ogg: 62fdf1f143b41e24485cea50d1cbac27 -> 
  custom:video-encoder-webm-vp8: eb34c28f22e8b96e1ab97ce403110664 -> 
  custom:video-codec-MediaFoundation-h265: 746d11721c4dcdbdad8f713fa42b33f4 -> 
  custom:video-decoder-webm-vp8: 9c59270c3fd7afecdb556c50c9e8de78 -> 
  custom:audio-decoder-ogg-vorbis: bf7c407c2cedff20999df2af8eb42d56 -> 
  custom:audio-encoder-webm-vorbis: bf7c407c2cedff20999df2af8eb42d56 -> 
========================================================================
Received Import Request.
  Time since last request: 59.758986 seconds.
  path: Assets/ExitButton.cs
  artifactKey: Guid(109992b3d97b30944bf7ba987fbb32e9) Importer(815301076,1909f56bfc062723c751e8b465ee728b)
Start importing Assets/ExitButton.cs using Guid(109992b3d97b30944bf7ba987fbb32e9) Importer(815301076,1909f56bfc062723c751e8b465ee728b)  -> (artifact id: 'f72be15beb2512a787e0884982ede947') in 0.008301 seconds 
  Import took 0.010582 seconds .

========================================================================
Received Import Request.
  Time since last request: 43.213331 seconds.
  path: Assets/Heart.cs
  artifactKey: Guid(cc7a668f4c93f244c9eb70d0b1d31e48) Importer(815301076,1909f56bfc062723c751e8b465ee728b)
Start importing Assets/Heart.cs using Guid(cc7a668f4c93f244c9eb70d0b1d31e48) Importer(815301076,1909f56bfc062723c751e8b465ee728b)  -> (artifact id: 'e2929838c0feb30842f7da693d0d6e5d') in 0.010948 seconds 
  Import took 0.016474 seconds .

========================================================================
Received Prepare
Registering precompiled user dll's ...
Registered in 0.005189 seconds.
Begin MonoManager ReloadAssembly
Native extension for WindowsStandalone target not found
Refreshing native plugins compatible for Editor in 0.33 ms, found 2 plugins.
Preloading 0 native plugins for Editor in 0.00 ms.
Mono: successfully reloaded assembly
- Completed reload, in  0.926 seconds
Platform modules already initialized, skipping
Refreshing native plugins compatible for Editor in 0.39 ms, found 2 plugins.
Preloading 0 native plugins for Editor in 0.00 ms.
Unloading 1397 Unused Serialized files (Serialized files now loaded: 0)
System memory in use before: 67.2 MB.
System memory in use after: 67.2 MB.

Unloading 14 unused Assets to reduce memory usage. Loaded Objects now: 1855.
Total: 1.930300 ms (FindLiveObjects: 0.118400 ms CreateObjectMapping: 0.040000 ms MarkObjects: 1.719900 ms  DeleteObjects: 0.050700 ms)

AssetImportParameters requested are different than current active one (requested -> active):
  custom:framework-win-MediaFoundation: 216162199b28c13a410421893ffa2e32 -> 
  custom:video-decoder-ogg-theora: a1e56fd34408186e4bbccfd4996cb3dc -> 
  custom:container-muxer-webm: aa71ff27fc2769a1b78a27578f13a17b -> 
  custom:container-demuxer-webm: 4f35f7cbe854078d1ac9338744f61a02 -> 
  custom:container-demuxer-ogg: 62fdf1f143b41e24485cea50d1cbac27 -> 
  custom:video-encoder-webm-vp8: eb34c28f22e8b96e1ab97ce403110664 -> 
  custom:video-codec-MediaFoundation-h265: 746d11721c4dcdbdad8f713fa42b33f4 -> 
  custom:video-decoder-webm-vp8: 9c59270c3fd7afecdb556c50c9e8de78 -> 
  custom:audio-decoder-ogg-vorbis: bf7c407c2cedff20999df2af8eb42d56 -> 
  custom:audio-encoder-webm-vorbis: bf7c407c2cedff20999df2af8eb42d56 -> 
========================================================================
Received Prepare
Registering precompiled user dll's ...
Registered in 0.005820 seconds.
Begin MonoManager ReloadAssembly
Native extension for WindowsStandalone target not found
Refreshing native plugins compatible for Editor in 0.35 ms, found 2 plugins.
Preloading 0 native plugins for Editor in 0.00 ms.
Mono: successfully reloaded assembly
- Completed reload, in  0.963 seconds
Platform modules already initialized, skipping
Refreshing native plugins compatible for Editor in 0.34 ms, found 2 plugins.
Preloading 0 native plugins for Editor in 0.00 ms.
Unloading 1397 Unused Serialized files (Serialized files now loaded: 0)
System memory in use before: 67.2 MB.
System memory in use after: 67.2 MB.

Unloading 14 unused Assets to reduce memory usage. Loaded Objects now: 1858.
Total: 2.048700 ms (FindLiveObjects: 0.172800 ms CreateObjectMapping: 0.078200 ms MarkObjects: 1.726800 ms  DeleteObjects: 0.069300 ms)

AssetImportParameters requested are different than current active one (requested -> active):
  custom:framework-win-MediaFoundation: 216162199b28c13a410421893ffa2e32 -> 
  custom:video-decoder-ogg-theora: a1e56fd34408186e4bbccfd4996cb3dc -> 
  custom:container-muxer-webm: aa71ff27fc2769a1b78a27578f13a17b -> 
  custom:container-demuxer-webm: 4f35f7cbe854078d1ac9338744f61a02 -> 
  custom:container-demuxer-ogg: 62fdf1f143b41e24485cea50d1cbac27 -> 
  custom:video-encoder-webm-vp8: eb34c28f22e8b96e1ab97ce403110664 -> 
  custom:video-codec-MediaFoundation-h265: 746d11721c4dcdbdad8f713fa42b33f4 -> 
  custom:video-decoder-webm-vp8: 9c59270c3fd7afecdb556c50c9e8de78 -> 
  custom:audio-decoder-ogg-vorbis: bf7c407c2cedff20999df2af8eb42d56 -> 
  custom:audio-encoder-webm-vorbis: bf7c407c2cedff20999df2af8eb42d56 -> 
========================================================================
Received Prepare
Refreshing native plugins compatible for Editor in 4.52 ms, found 2 plugins.
Preloading 0 native plugins for Editor in 0.00 ms.
Unloading 12 Unused Serialized files (Serialized files now loaded: 0)
System memory in use before: 39.7 MB.
System memory in use after: 39.8 MB.

Unloading 12 unused Assets to reduce memory usage. Loaded Objects now: 1858.
Total: 4.459300 ms (FindLiveObjects: 0.263600 ms CreateObjectMapping: 0.085200 ms MarkObjects: 3.960400 ms  DeleteObjects: 0.148200 ms)

AssetImportParameters requested are different than current active one (requested -> active):
  custom:framework-win-MediaFoundation: 216162199b28c13a410421893ffa2e32 -> 
  custom:video-decoder-ogg-theora: a1e56fd34408186e4bbccfd4996cb3dc -> 
  custom:container-muxer-webm: aa71ff27fc2769a1b78a27578f13a17b -> 
  custom:container-demuxer-webm: 4f35f7cbe854078d1ac9338744f61a02 -> 
  custom:container-demuxer-ogg: 62fdf1f143b41e24485cea50d1cbac27 -> 
  custom:video-encoder-webm-vp8: eb34c28f22e8b96e1ab97ce403110664 -> 
  custom:video-codec-MediaFoundation-h265: 746d11721c4dcdbdad8f713fa42b33f4 -> 
  custom:video-decoder-webm-vp8: 9c59270c3fd7afecdb556c50c9e8de78 -> 
  custom:audio-decoder-ogg-vorbis: bf7c407c2cedff20999df2af8eb42d56 -> 
  custom:audio-encoder-webm-vorbis: bf7c407c2cedff20999df2af8eb42d56 -> 
========================================================================
Received Prepare
Registering precompiled user dll's ...
Registered in 0.005477 seconds.
Begin MonoManager ReloadAssembly
Native extension for WindowsStandalone target not found
Refreshing native plugins compatible for Editor in 0.72 ms, found 2 plugins.
Preloading 0 native plugins for Editor in 0.00 ms.
Mono: successfully reloaded assembly
- Completed reload, in  1.074 seconds
Platform modules already initialized, skipping
Refreshing native plugins compatible for Editor in 0.38 ms, found 2 plugins.
Preloading 0 native plugins for Editor in 0.00 ms.
Unloading 1397 Unused Serialized files (Serialized files now loaded: 0)
System memory in use before: 67.3 MB.
System memory in use after: 67.4 MB.

Unloading 14 unused Assets to reduce memory usage. Loaded Objects now: 1861.
Total: 2.468700 ms (FindLiveObjects: 0.157000 ms CreateObjectMapping: 0.062500 ms MarkObjects: 2.193200 ms  DeleteObjects: 0.054800 ms)

AssetImportParameters requested are different than current active one (requested -> active):
  custom:framework-win-MediaFoundation: 216162199b28c13a410421893ffa2e32 -> 
  custom:video-decoder-ogg-theora: a1e56fd34408186e4bbccfd4996cb3dc -> 
  custom:container-muxer-webm: aa71ff27fc2769a1b78a27578f13a17b -> 
  custom:container-demuxer-webm: 4f35f7cbe854078d1ac9338744f61a02 -> 
  custom:container-demuxer-ogg: 62fdf1f143b41e24485cea50d1cbac27 -> 
  custom:video-encoder-webm-vp8: eb34c28f22e8b96e1ab97ce403110664 -> 
  custom:video-codec-MediaFoundation-h265: 746d11721c4dcdbdad8f713fa42b33f4 -> 
  custom:video-decoder-webm-vp8: 9c59270c3fd7afecdb556c50c9e8de78 -> 
  custom:audio-decoder-ogg-vorbis: bf7c407c2cedff20999df2af8eb42d56 -> 
  custom:audio-encoder-webm-vorbis: bf7c407c2cedff20999df2af8eb42d56 -> 
========================================================================
Received Import Request.
  Time since last request: 492.903104 seconds.
  path: Assets/Player.cs
  artifactKey: Guid(715b349973cf1d24997d3c3ff3beb061) Importer(815301076,1909f56bfc062723c751e8b465ee728b)
Start importing Assets/Player.cs using Guid(715b349973cf1d24997d3c3ff3beb061) Importer(815301076,1909f56bfc062723c751e8b465ee728b)  -> (artifact id: 'c5a23580af60b5b4bb3b6a804cf78ed7') in 0.012250 seconds 
  Import took 0.015186 seconds .

========================================================================
Received Prepare
Registering precompiled user dll's ...
Registered in 0.005552 seconds.
Begin MonoManager ReloadAssembly
Native extension for WindowsStandalone target not found
Refreshing native plugins compatible for Editor in 0.34 ms, found 2 plugins.
Preloading 0 native plugins for Editor in 0.00 ms.
Mono: successfully reloaded assembly
- Completed reload, in  0.924 seconds
Platform modules already initialized, skipping
Refreshing native plugins compatible for Editor in 0.33 ms, found 2 plugins.
Preloading 0 native plugins for Editor in 0.00 ms.
Unloading 1397 Unused Serialized files (Serialized files now loaded: 0)
System memory in use before: 67.3 MB.
System memory in use after: 67.4 MB.

Unloading 14 unused Assets to reduce memory usage. Loaded Objects now: 1864.
Total: 2.131100 ms (FindLiveObjects: 0.136300 ms CreateObjectMapping: 0.043200 ms MarkObjects: 1.897300 ms  DeleteObjects: 0.053200 ms)

AssetImportParameters requested are different than current active one (requested -> active):
  custom:framework-win-MediaFoundation: 216162199b28c13a410421893ffa2e32 -> 
  custom:video-decoder-ogg-theora: a1e56fd34408186e4bbccfd4996cb3dc -> 
  custom:container-muxer-webm: aa71ff27fc2769a1b78a27578f13a17b -> 
  custom:container-demuxer-webm: 4f35f7cbe854078d1ac9338744f61a02 -> 
  custom:container-demuxer-ogg: 62fdf1f143b41e24485cea50d1cbac27 -> 
  custom:video-encoder-webm-vp8: eb34c28f22e8b96e1ab97ce403110664 -> 
  custom:video-codec-MediaFoundation-h265: 746d11721c4dcdbdad8f713fa42b33f4 -> 
  custom:video-decoder-webm-vp8: 9c59270c3fd7afecdb556c50c9e8de78 -> 
  custom:audio-decoder-ogg-vorbis: bf7c407c2cedff20999df2af8eb42d56 -> 
  custom:audio-encoder-webm-vorbis: bf7c407c2cedff20999df2af8eb42d56 -> 
========================================================================
Received Import Request.
  Time since last request: 36.362690 seconds.
  path: Assets/Player.cs
  artifactKey: Guid(715b349973cf1d24997d3c3ff3beb061) Importer(815301076,1909f56bfc062723c751e8b465ee728b)
Start importing Assets/Player.cs using Guid(715b349973cf1d24997d3c3ff3beb061) Importer(815301076,1909f56bfc062723c751e8b465ee728b)  -> (artifact id: 'af3c91fa89fafffb48ed196ca48a3ae2') in 0.005053 seconds 
  Import took 0.007348 seconds .

========================================================================
Received Prepare
Registering precompiled user dll's ...
Registered in 0.005380 seconds.
Begin MonoManager ReloadAssembly
Native extension for WindowsStandalone target not found
Refreshing native plugins compatible for Editor in 0.46 ms, found 2 plugins.
Preloading 0 native plugins for Editor in 0.00 ms.
Mono: successfully reloaded assembly
- Completed reload, in  0.972 seconds
Platform modules already initialized, skipping
Refreshing native plugins compatible for Editor in 1.60 ms, found 2 plugins.
Preloading 0 native plugins for Editor in 0.00 ms.
Unloading 1397 Unused Serialized files (Serialized files now loaded: 0)
System memory in use before: 67.3 MB.
System memory in use after: 67.4 MB.

Unloading 14 unused Assets to reduce memory usage. Loaded Objects now: 1867.
Total: 5.285700 ms (FindLiveObjects: 0.430400 ms CreateObjectMapping: 0.099500 ms MarkObjects: 4.662100 ms  DeleteObjects: 0.091200 ms)

AssetImportParameters requested are different than current active one (requested -> active):
  custom:framework-win-MediaFoundation: 216162199b28c13a410421893ffa2e32 -> 
  custom:video-decoder-ogg-theora: a1e56fd34408186e4bbccfd4996cb3dc -> 
  custom:container-muxer-webm: aa71ff27fc2769a1b78a27578f13a17b -> 
  custom:container-demuxer-webm: 4f35f7cbe854078d1ac9338744f61a02 -> 
  custom:container-demuxer-ogg: 62fdf1f143b41e24485cea50d1cbac27 -> 
  custom:video-encoder-webm-vp8: eb34c28f22e8b96e1ab97ce403110664 -> 
  custom:video-codec-MediaFoundation-h265: 746d11721c4dcdbdad8f713fa42b33f4 -> 
  custom:video-decoder-webm-vp8: 9c59270c3fd7afecdb556c50c9e8de78 -> 
  custom:audio-decoder-ogg-vorbis: bf7c407c2cedff20999df2af8eb42d56 -> 
  custom:audio-encoder-webm-vorbis: bf7c407c2cedff20999df2af8eb42d56 -> 
========================================================================
Received Prepare
Registering precompiled user dll's ...
Registered in 0.005341 seconds.
Begin MonoManager ReloadAssembly
Native extension for WindowsStandalone target not found
Refreshing native plugins compatible for Editor in 0.45 ms, found 2 plugins.
Preloading 0 native plugins for Editor in 0.00 ms.
Mono: successfully reloaded assembly
- Completed reload, in  1.008 seconds
Platform modules already initialized, skipping
Refreshing native plugins compatible for Editor in 0.34 ms, found 2 plugins.
Preloading 0 native plugins for Editor in 0.00 ms.
Unloading 1397 Unused Serialized files (Serialized files now loaded: 0)
System memory in use before: 67.3 MB.
System memory in use after: 67.4 MB.

Unloading 14 unused Assets to reduce memory usage. Loaded Objects now: 1870.
Total: 2.062900 ms (FindLiveObjects: 0.125300 ms CreateObjectMapping: 0.036500 ms MarkObjects: 1.847900 ms  DeleteObjects: 0.052400 ms)

AssetImportParameters requested are different than current active one (requested -> active):
  custom:framework-win-MediaFoundation: 216162199b28c13a410421893ffa2e32 -> 
  custom:video-decoder-ogg-theora: a1e56fd34408186e4bbccfd4996cb3dc -> 
  custom:container-muxer-webm: aa71ff27fc2769a1b78a27578f13a17b -> 
  custom:container-demuxer-webm: 4f35f7cbe854078d1ac9338744f61a02 -> 
  custom:container-demuxer-ogg: 62fdf1f143b41e24485cea50d1cbac27 -> 
  custom:video-encoder-webm-vp8: eb34c28f22e8b96e1ab97ce403110664 -> 
  custom:video-codec-MediaFoundation-h265: 746d11721c4dcdbdad8f713fa42b33f4 -> 
  custom:video-decoder-webm-vp8: 9c59270c3fd7afecdb556c50c9e8de78 -> 
  custom:audio-decoder-ogg-vorbis: bf7c407c2cedff20999df2af8eb42d56 -> 
  custom:audio-encoder-webm-vorbis: bf7c407c2cedff20999df2af8eb42d56 -> 
========================================================================
Received Prepare
Registering precompiled user dll's ...
Registered in 0.005389 seconds.
Begin MonoManager ReloadAssembly
Native extension for WindowsStandalone target not found
Refreshing native plugins compatible for Editor in 0.38 ms, found 2 plugins.
Preloading 0 native plugins for Editor in 0.00 ms.
Mono: successfully reloaded assembly
- Completed reload, in  1.121 seconds
Platform modules already initialized, skipping
Refreshing native plugins compatible for Editor in 0.35 ms, found 2 plugins.
Preloading 0 native plugins for Editor in 0.00 ms.
Unloading 1397 Unused Serialized files (Serialized files now loaded: 0)
System memory in use before: 67.4 MB.
System memory in use after: 67.4 MB.

Unloading 14 unused Assets to reduce memory usage. Loaded Objects now: 1873.
Total: 2.032700 ms (FindLiveObjects: 0.133800 ms CreateObjectMapping: 0.039700 ms MarkObjects: 1.810200 ms  DeleteObjects: 0.047900 ms)

AssetImportParameters requested are different than current active one (requested -> active):
  custom:framework-win-MediaFoundation: 216162199b28c13a410421893ffa2e32 -> 
  custom:video-decoder-ogg-theora: a1e56fd34408186e4bbccfd4996cb3dc -> 
  custom:container-muxer-webm: aa71ff27fc2769a1b78a27578f13a17b -> 
  custom:container-demuxer-webm: 4f35f7cbe854078d1ac9338744f61a02 -> 
  custom:container-demuxer-ogg: 62fdf1f143b41e24485cea50d1cbac27 -> 
  custom:video-encoder-webm-vp8: eb34c28f22e8b96e1ab97ce403110664 -> 
  custom:video-codec-MediaFoundation-h265: 746d11721c4dcdbdad8f713fa42b33f4 -> 
  custom:video-decoder-webm-vp8: 9c59270c3fd7afecdb556c50c9e8de78 -> 
  custom:audio-decoder-ogg-vorbis: bf7c407c2cedff20999df2af8eb42d56 -> 
  custom:audio-encoder-webm-vorbis: bf7c407c2cedff20999df2af8eb42d56 -> 
========================================================================
Received Prepare
Registering precompiled user dll's ...
Registered in 0.006221 seconds.
Begin MonoManager ReloadAssembly
Native extension for WindowsStandalone target not found
Refreshing native plugins compatible for Editor in 0.47 ms, found 2 plugins.
Preloading 0 native plugins for Editor in 0.00 ms.
Mono: successfully reloaded assembly
- Completed reload, in  1.094 seconds
Platform modules already initialized, skipping
Refreshing native plugins compatible for Editor in 0.44 ms, found 2 plugins.
Preloading 0 native plugins for Editor in 0.00 ms.
Unloading 1397 Unused Serialized files (Serialized files now loaded: 0)
System memory in use before: 67.4 MB.
System memory in use after: 67.4 MB.

Unloading 14 unused Assets to reduce memory usage. Loaded Objects now: 1876.
Total: 2.849200 ms (FindLiveObjects: 0.210600 ms CreateObjectMapping: 0.196000 ms MarkObjects: 2.385900 ms  DeleteObjects: 0.055000 ms)

AssetImportParameters requested are different than current active one (requested -> active):
  custom:framework-win-MediaFoundation: 216162199b28c13a410421893ffa2e32 -> 
  custom:video-decoder-ogg-theora: a1e56fd34408186e4bbccfd4996cb3dc -> 
  custom:container-muxer-webm: aa71ff27fc2769a1b78a27578f13a17b -> 
  custom:container-demuxer-webm: 4f35f7cbe854078d1ac9338744f61a02 -> 
  custom:container-demuxer-ogg: 62fdf1f143b41e24485cea50d1cbac27 -> 
  custom:video-encoder-webm-vp8: eb34c28f22e8b96e1ab97ce403110664 -> 
  custom:video-codec-MediaFoundation-h265: 746d11721c4dcdbdad8f713fa42b33f4 -> 
  custom:video-decoder-webm-vp8: 9c59270c3fd7afecdb556c50c9e8de78 -> 
  custom:audio-decoder-ogg-vorbis: bf7c407c2cedff20999df2af8eb42d56 -> 
  custom:audio-encoder-webm-vorbis: bf7c407c2cedff20999df2af8eb42d56 -> 
========================================================================
Received Import Request.
  Time since last request: 751.666012 seconds.
  path: Assets/Food Quiz.prefab
  artifactKey: Guid(5073398c40b9a204e8ab83c369071e35) Importer(815301076,1909f56bfc062723c751e8b465ee728b)
Start importing Assets/Food Quiz.prefab using Guid(5073398c40b9a204e8ab83c369071e35) Importer(815301076,1909f56bfc062723c751e8b465ee728b)  -> (artifact id: 'ed91775557cdfee277d056504d8c53b2') in 0.164295 seconds 
  Import took 0.169585 seconds .

========================================================================
Received Import Request.
  Time since last request: 5.952929 seconds.
  path: Assets/Food Quiz.prefab
  artifactKey: Guid(5073398c40b9a204e8ab83c369071e35) Importer(815301076,1909f56bfc062723c751e8b465ee728b)
Start importing Assets/Food Quiz.prefab using Guid(5073398c40b9a204e8ab83c369071e35) Importer(815301076,1909f56bfc062723c751e8b465ee728b)  -> (artifact id: 'a28cb21c42d7c303a4003fefaa7d9027') in 0.024977 seconds 
  Import took 0.028345 seconds .

========================================================================
Received Import Request.
  Time since last request: 12.923454 seconds.
  path: Assets/Food Quiz.prefab
  artifactKey: Guid(5073398c40b9a204e8ab83c369071e35) Importer(815301076,1909f56bfc062723c751e8b465ee728b)
Start importing Assets/Food Quiz.prefab using Guid(5073398c40b9a204e8ab83c369071e35) Importer(815301076,1909f56bfc062723c751e8b465ee728b)  -> (artifact id: '839d8e2685ff83fb2dd9d875544d0097') in 0.020118 seconds 
  Import took 0.024152 seconds .

========================================================================
Received Import Request.
  Time since last request: 7.258587 seconds.
  path: Assets/Food Quiz.prefab
  artifactKey: Guid(5073398c40b9a204e8ab83c369071e35) Importer(815301076,1909f56bfc062723c751e8b465ee728b)
Start importing Assets/Food Quiz.prefab using Guid(5073398c40b9a204e8ab83c369071e35) Importer(815301076,1909f56bfc062723c751e8b465ee728b)  -> (artifact id: 'e07cac283def504479dfc852e8fe9825') in 0.020927 seconds 
  Import took 0.025258 seconds .

========================================================================
Received Import Request.
  Time since last request: 4.208609 seconds.
  path: Assets/Food Quiz.prefab
  artifactKey: Guid(5073398c40b9a204e8ab83c369071e35) Importer(815301076,1909f56bfc062723c751e8b465ee728b)
Start importing Assets/Food Quiz.prefab using Guid(5073398c40b9a204e8ab83c369071e35) Importer(815301076,1909f56bfc062723c751e8b465ee728b)  -> (artifact id: 'e290089b9e62aa74ba2ab6f21c327d01') in 0.019343 seconds 
  Import took 0.022536 seconds .

========================================================================
Received Import Request.
  Time since last request: 1.995048 seconds.
  path: Assets/Food Quiz.prefab
  artifactKey: Guid(5073398c40b9a204e8ab83c369071e35) Importer(815301076,1909f56bfc062723c751e8b465ee728b)
Start importing Assets/Food Quiz.prefab using Guid(5073398c40b9a204e8ab83c369071e35) Importer(815301076,1909f56bfc062723c751e8b465ee728b)  -> (artifact id: '27a27d42e48734896d066540258fe496') in 0.017697 seconds 
  Import took 0.022978 seconds .

========================================================================
Received Import Request.
  Time since last request: 1.801630 seconds.
  path: Assets/Food Quiz.prefab
  artifactKey: Guid(5073398c40b9a204e8ab83c369071e35) Importer(815301076,1909f56bfc062723c751e8b465ee728b)
Start importing Assets/Food Quiz.prefab using Guid(5073398c40b9a204e8ab83c369071e35) Importer(815301076,1909f56bfc062723c751e8b465ee728b)  -> (artifact id: '9a2ec6e24d34d82c3b8194046470f795') in 0.019634 seconds 
  Import took 0.022729 seconds .

========================================================================
Received Import Request.
  Time since last request: 3.611515 seconds.
  path: Assets/Food Quiz.prefab
  artifactKey: Guid(5073398c40b9a204e8ab83c369071e35) Importer(815301076,1909f56bfc062723c751e8b465ee728b)
Start importing Assets/Food Quiz.prefab using Guid(5073398c40b9a204e8ab83c369071e35) Importer(815301076,1909f56bfc062723c751e8b465ee728b)  -> (artifact id: 'a2e642dce3a04af894a2489219aa9a36') in 0.018426 seconds 
  Import took 0.022605 seconds .

========================================================================
Received Import Request.
  Time since last request: 1.199353 seconds.
  path: Assets/Food Quiz.prefab
  artifactKey: Guid(5073398c40b9a204e8ab83c369071e35) Importer(815301076,1909f56bfc062723c751e8b465ee728b)
Start importing Assets/Food Quiz.prefab using Guid(5073398c40b9a204e8ab83c369071e35) Importer(815301076,1909f56bfc062723c751e8b465ee728b)  -> (artifact id: '818e592b98921be3b23dc1900a48a82b') in 0.019281 seconds 
  Import took 0.023227 seconds .

========================================================================
Received Import Request.
  Time since last request: 1.978111 seconds.
  path: Assets/Food Quiz.prefab
  artifactKey: Guid(5073398c40b9a204e8ab83c369071e35) Importer(815301076,1909f56bfc062723c751e8b465ee728b)
Start importing Assets/Food Quiz.prefab using Guid(5073398c40b9a204e8ab83c369071e35) Importer(815301076,1909f56bfc062723c751e8b465ee728b)  -> (artifact id: 'aa7f7c1de2469d6f7a9eb2b07eac27ec') in 0.020291 seconds 
  Import took 0.023267 seconds .

========================================================================
Received Import Request.
  Time since last request: 4.213369 seconds.
  path: Assets/Food Quiz.prefab
  artifactKey: Guid(5073398c40b9a204e8ab83c369071e35) Importer(815301076,1909f56bfc062723c751e8b465ee728b)
Start importing Assets/Food Quiz.prefab using Guid(5073398c40b9a204e8ab83c369071e35) Importer(815301076,1909f56bfc062723c751e8b465ee728b)  -> (artifact id: 'af7139594f0c8cd14cade0065012a1be') in 0.017166 seconds 
  Import took 0.021816 seconds .

========================================================================
Received Import Request.
  Time since last request: 88.636023 seconds.
  path: Assets/Food Quiz.prefab
  artifactKey: Guid(5073398c40b9a204e8ab83c369071e35) Importer(815301076,1909f56bfc062723c751e8b465ee728b)
Start importing Assets/Food Quiz.prefab using Guid(5073398c40b9a204e8ab83c369071e35) Importer(815301076,1909f56bfc062723c751e8b465ee728b)  -> (artifact id: '30124586091d276092bf289f46e604ee') in 0.019753 seconds 
  Import took 0.023002 seconds .

========================================================================
Received Import Request.
  Time since last request: 22.346906 seconds.
  path: Assets/Food Quiz.prefab
  artifactKey: Guid(5073398c40b9a204e8ab83c369071e35) Importer(815301076,1909f56bfc062723c751e8b465ee728b)
Start importing Assets/Food Quiz.prefab using Guid(5073398c40b9a204e8ab83c369071e35) Importer(815301076,1909f56bfc062723c751e8b465ee728b)  -> (artifact id: '2db97f94612e604880ee9e28bee66e27') in 0.020035 seconds 
  Import took 0.024613 seconds .

========================================================================
Received Prepare
Registering precompiled user dll's ...
Registered in 0.005313 seconds.
Begin MonoManager ReloadAssembly
Native extension for WindowsStandalone target not found
Refreshing native plugins compatible for Editor in 0.34 ms, found 2 plugins.
Preloading 0 native plugins for Editor in 0.00 ms.
Mono: successfully reloaded assembly
- Completed reload, in  0.917 seconds
Platform modules already initialized, skipping
Refreshing native plugins compatible for Editor in 0.34 ms, found 2 plugins.
Preloading 0 native plugins for Editor in 0.00 ms.
Unloading 1398 Unused Serialized files (Serialized files now loaded: 0)
System memory in use before: 84.1 MB.
System memory in use after: 84.2 MB.

Unloading 14 unused Assets to reduce memory usage. Loaded Objects now: 1888.
Total: 2.037700 ms (FindLiveObjects: 0.140200 ms CreateObjectMapping: 0.046300 ms MarkObjects: 1.804500 ms  DeleteObjects: 0.045700 ms)

AssetImportParameters requested are different than current active one (requested -> active):
  custom:framework-win-MediaFoundation: 216162199b28c13a410421893ffa2e32 -> 
  custom:video-decoder-ogg-theora: a1e56fd34408186e4bbccfd4996cb3dc -> 
  custom:container-muxer-webm: aa71ff27fc2769a1b78a27578f13a17b -> 
  custom:container-demuxer-webm: 4f35f7cbe854078d1ac9338744f61a02 -> 
  custom:container-demuxer-ogg: 62fdf1f143b41e24485cea50d1cbac27 -> 
  custom:video-encoder-webm-vp8: eb34c28f22e8b96e1ab97ce403110664 -> 
  custom:video-codec-MediaFoundation-h265: 746d11721c4dcdbdad8f713fa42b33f4 -> 
  custom:video-decoder-webm-vp8: 9c59270c3fd7afecdb556c50c9e8de78 -> 
  custom:audio-decoder-ogg-vorbis: bf7c407c2cedff20999df2af8eb42d56 -> 
  custom:audio-encoder-webm-vorbis: bf7c407c2cedff20999df2af8eb42d56 -> 
========================================================================
Received Import Request.
  Time since last request: 27.494364 seconds.
  path: Assets/Food Quiz.prefab
  artifactKey: Guid(5073398c40b9a204e8ab83c369071e35) Importer(815301076,1909f56bfc062723c751e8b465ee728b)
Start importing Assets/Food Quiz.prefab using Guid(5073398c40b9a204e8ab83c369071e35) Importer(815301076,1909f56bfc062723c751e8b465ee728b)  -> (artifact id: '5fadae6d4439e5120cf18b186d5a2ffe') in 0.060026 seconds 
  Import took 0.062925 seconds .

========================================================================
Received Import Request.
  Time since last request: 1.363948 seconds.
  path: Assets/NPC.cs
  artifactKey: Guid(69e7cd7b1ca83434d8bce4efc2849033) Importer(815301076,1909f56bfc062723c751e8b465ee728b)
Start importing Assets/NPC.cs using Guid(69e7cd7b1ca83434d8bce4efc2849033) Importer(815301076,1909f56bfc062723c751e8b465ee728b)  -> (artifact id: '9d91b499e8f6f25261f2651dedaf6079') in 0.007684 seconds 
  Import took 0.010270 seconds .

========================================================================
Received Import Request.
  Time since last request: 49.231610 seconds.
  path: Assets/Food Quiz.prefab
  artifactKey: Guid(5073398c40b9a204e8ab83c369071e35) Importer(815301076,1909f56bfc062723c751e8b465ee728b)
Start importing Assets/Food Quiz.prefab using Guid(5073398c40b9a204e8ab83c369071e35) Importer(815301076,1909f56bfc062723c751e8b465ee728b)  -> (artifact id: 'd949d775a64462b41f6f556b25696c09') in 0.026939 seconds 
  Import took 0.030753 seconds .

========================================================================
Received Import Request.
  Time since last request: 4.603385 seconds.
  path: Assets/Food Quiz.prefab
  artifactKey: Guid(5073398c40b9a204e8ab83c369071e35) Importer(815301076,1909f56bfc062723c751e8b465ee728b)
Start importing Assets/Food Quiz.prefab using Guid(5073398c40b9a204e8ab83c369071e35) Importer(815301076,1909f56bfc062723c751e8b465ee728b)  -> (artifact id: 'ca67d106a4a4a64a33de58aa370a74fa') in 0.021900 seconds 
  Import took 0.026118 seconds .

========================================================================
Received Import Request.
  Time since last request: 25.265333 seconds.
  path: Assets/Food Quiz.prefab
  artifactKey: Guid(5073398c40b9a204e8ab83c369071e35) Importer(815301076,1909f56bfc062723c751e8b465ee728b)
Start importing Assets/Food Quiz.prefab using Guid(5073398c40b9a204e8ab83c369071e35) Importer(815301076,1909f56bfc062723c751e8b465ee728b)  -> (artifact id: 'a6b207db3764c1835b027f510171e73d') in 0.022114 seconds 
  Import took 0.025228 seconds .

========================================================================
Received Import Request.
  Time since last request: 3.597795 seconds.
  path: Assets/Food Quiz.prefab
  artifactKey: Guid(5073398c40b9a204e8ab83c369071e35) Importer(815301076,1909f56bfc062723c751e8b465ee728b)
Start importing Assets/Food Quiz.prefab using Guid(5073398c40b9a204e8ab83c369071e35) Importer(815301076,1909f56bfc062723c751e8b465ee728b)  -> (artifact id: '86bcb94131a4da3d47f238bd6119f639') in 0.026219 seconds 
  Import took 0.029862 seconds .

========================================================================
Received Import Request.
  Time since last request: 8.641155 seconds.
  path: Assets/Food Quiz.prefab
  artifactKey: Guid(5073398c40b9a204e8ab83c369071e35) Importer(815301076,1909f56bfc062723c751e8b465ee728b)
Start importing Assets/Food Quiz.prefab using Guid(5073398c40b9a204e8ab83c369071e35) Importer(815301076,1909f56bfc062723c751e8b465ee728b)  -> (artifact id: '8d2cb355862bbe58e602547416221812') in 0.025052 seconds 
  Import took 0.028049 seconds .

========================================================================
Received Prepare
Registering precompiled user dll's ...
Registered in 0.008369 seconds.
Begin MonoManager ReloadAssembly
Native extension for WindowsStandalone target not found
Refreshing native plugins compatible for Editor in 0.35 ms, found 2 plugins.
Preloading 0 native plugins for Editor in 0.00 ms.
Mono: successfully reloaded assembly
- Completed reload, in  1.049 seconds
Platform modules already initialized, skipping
Refreshing native plugins compatible for Editor in 0.34 ms, found 2 plugins.
Preloading 0 native plugins for Editor in 0.00 ms.
Unloading 1398 Unused Serialized files (Serialized files now loaded: 0)
System memory in use before: 84.2 MB.
System memory in use after: 84.3 MB.

Unloading 14 unused Assets to reduce memory usage. Loaded Objects now: 1892.
Total: 2.260700 ms (FindLiveObjects: 0.172000 ms CreateObjectMapping: 0.059100 ms MarkObjects: 1.973700 ms  DeleteObjects: 0.054500 ms)

AssetImportParameters requested are different than current active one (requested -> active):
  custom:framework-win-MediaFoundation: 216162199b28c13a410421893ffa2e32 -> 
  custom:video-decoder-ogg-theora: a1e56fd34408186e4bbccfd4996cb3dc -> 
  custom:container-muxer-webm: aa71ff27fc2769a1b78a27578f13a17b -> 
  custom:container-demuxer-webm: 4f35f7cbe854078d1ac9338744f61a02 -> 
  custom:container-demuxer-ogg: 62fdf1f143b41e24485cea50d1cbac27 -> 
  custom:video-encoder-webm-vp8: eb34c28f22e8b96e1ab97ce403110664 -> 
  custom:video-codec-MediaFoundation-h265: 746d11721c4dcdbdad8f713fa42b33f4 -> 
  custom:video-decoder-webm-vp8: 9c59270c3fd7afecdb556c50c9e8de78 -> 
  custom:audio-decoder-ogg-vorbis: bf7c407c2cedff20999df2af8eb42d56 -> 
  custom:audio-encoder-webm-vorbis: bf7c407c2cedff20999df2af8eb42d56 -> 
========================================================================
Received Import Request.
  Time since last request: 329.896798 seconds.
  path: Assets/Food Quiz.prefab
  artifactKey: Guid(5073398c40b9a204e8ab83c369071e35) Importer(815301076,1909f56bfc062723c751e8b465ee728b)
Start importing Assets/Food Quiz.prefab using Guid(5073398c40b9a204e8ab83c369071e35) Importer(815301076,1909f56bfc062723c751e8b465ee728b)  -> (artifact id: '93268730b4d209db85d6af713cd8b564') in 0.059361 seconds 
  Import took 0.062111 seconds .

========================================================================
Received Import Request.
  Time since last request: 79.825741 seconds.
  path: Assets/Dialogues/New Dialogue.asset
  artifactKey: Guid(040ff04a5184a234ea00e269c37edb01) Importer(815301076,1909f56bfc062723c751e8b465ee728b)
Start importing Assets/Dialogues/New Dialogue.asset using Guid(040ff04a5184a234ea00e269c37edb01) Importer(815301076,1909f56bfc062723c751e8b465ee728b)  -> (artifact id: 'a6e115fceab4f5f5558dc4392c112184') in 0.012944 seconds 
  Import took 0.015887 seconds .

========================================================================
Received Import Request.
  Time since last request: 75.413100 seconds.
  path: Assets/Dialogues/FruitGuy Chat.asset
  artifactKey: Guid(040ff04a5184a234ea00e269c37edb01) Importer(815301076,1909f56bfc062723c751e8b465ee728b)
Start importing Assets/Dialogues/FruitGuy Chat.asset using Guid(040ff04a5184a234ea00e269c37edb01) Importer(815301076,1909f56bfc062723c751e8b465ee728b)  -> (artifact id: 'bde4d520b17bf802a307eacd1d7e359c') in 0.012561 seconds 
  Import took 0.015749 seconds .

========================================================================
Received Import Request.
  Time since last request: 80.973054 seconds.
  path: Assets/Dialogues/DonutLady Chat.asset
  artifactKey: Guid(d3e5b38ccf9dab24daffacb75d832654) Importer(815301076,1909f56bfc062723c751e8b465ee728b)
Start importing Assets/Dialogues/DonutLady Chat.asset using Guid(d3e5b38ccf9dab24daffacb75d832654) Importer(815301076,1909f56bfc062723c751e8b465ee728b)  -> (artifact id: '015d8f2c576b6bdcdd863b8697675791') in 0.009505 seconds 
  Import took 0.012530 seconds .

========================================================================
Received Import Request.
  Time since last request: 0.001438 seconds.
  path: Assets/Dialogues/DonutLady Chat.asset
  artifactKey: Guid(d3e5b38ccf9dab24daffacb75d832654) Importer(815301076,1909f56bfc062723c751e8b465ee728b)
Start importing Assets/Dialogues/DonutLady Chat.asset using Guid(d3e5b38ccf9dab24daffacb75d832654) Importer(815301076,1909f56bfc062723c751e8b465ee728b)  -> (artifact id: '015d8f2c576b6bdcdd863b8697675791') in 0.003663 seconds 
  Import took 0.007399 seconds .

========================================================================
Received Import Request.
  Time since last request: 4.517038 seconds.
  path: Assets/TextMesh Pro/Resources/Fonts & Materials/LiberationSans SDF.asset
  artifactKey: Guid(8f586378b4e144a9851e7b34d9b748ee) Importer(815301076,1909f56bfc062723c751e8b465ee728b)
Start importing Assets/TextMesh Pro/Resources/Fonts & Materials/LiberationSans SDF.asset using Guid(8f586378b4e144a9851e7b34d9b748ee) Importer(815301076,1909f56bfc062723c751e8b465ee728b)  -> (artifact id: 'f1280cc7be10b532b2897fc8654f95d3') in 0.084895 seconds 
  Import took 0.087615 seconds .

========================================================================
Received Prepare
Registering precompiled user dll's ...
Registered in 0.005584 seconds.
Begin MonoManager ReloadAssembly
Native extension for WindowsStandalone target not found
Refreshing native plugins compatible for Editor in 0.34 ms, found 2 plugins.
Preloading 0 native plugins for Editor in 0.00 ms.
Mono: successfully reloaded assembly
- Completed reload, in  1.233 seconds
Platform modules already initialized, skipping
Refreshing native plugins compatible for Editor in 0.41 ms, found 2 plugins.
Preloading 0 native plugins for Editor in 0.00 ms.
Unloading 1398 Unused Serialized files (Serialized files now loaded: 0)
System memory in use before: 84.5 MB.
System memory in use after: 84.5 MB.

Unloading 14 unused Assets to reduce memory usage. Loaded Objects now: 1931.
Total: 2.877500 ms (FindLiveObjects: 0.159600 ms CreateObjectMapping: 0.046600 ms MarkObjects: 2.581400 ms  DeleteObjects: 0.088600 ms)

AssetImportParameters requested are different than current active one (requested -> active):
  custom:framework-win-MediaFoundation: 216162199b28c13a410421893ffa2e32 -> 
  custom:video-decoder-ogg-theora: a1e56fd34408186e4bbccfd4996cb3dc -> 
  custom:container-muxer-webm: aa71ff27fc2769a1b78a27578f13a17b -> 
  custom:container-demuxer-webm: 4f35f7cbe854078d1ac9338744f61a02 -> 
  custom:container-demuxer-ogg: 62fdf1f143b41e24485cea50d1cbac27 -> 
  custom:video-encoder-webm-vp8: eb34c28f22e8b96e1ab97ce403110664 -> 
  custom:video-codec-MediaFoundation-h265: 746d11721c4dcdbdad8f713fa42b33f4 -> 
  custom:video-decoder-webm-vp8: 9c59270c3fd7afecdb556c50c9e8de78 -> 
  custom:audio-decoder-ogg-vorbis: bf7c407c2cedff20999df2af8eb42d56 -> 
  custom:audio-encoder-webm-vorbis: bf7c407c2cedff20999df2af8eb42d56 -> 
